<?xml version="1.0" encoding="UTF-8"?>
<!-- Generated by org.testng.reporters.JUnitReportReporter -->
<testsuite hostname="Varun" failures="0" tests="1" name="demogit.Demo" time="0.013" errors="0" timestamp="2022-03-10T15:19:49 IST" skipped="0">
  <testcase classname="demogit.Demo" name="demo" time="0.013"/>
  <system-out/>
</testsuite> <!-- demogit.Demo -->
